0 info it worked if it ends with ok
1 verbose cli [ '/usr/bin/node', '/usr/bin/npm', 'install', '-g', 'mongodb' ]
2 info using npm@1.4.28
3 info using node@v0.10.37
4 verbose node symlink /usr/bin/node
5 verbose cache add [ 'mongodb', null ]
6 verbose cache add name=undefined spec="mongodb" args=["mongodb",null]
7 verbose parsed url { protocol: null,
7 verbose parsed url   slashes: null,
7 verbose parsed url   auth: null,
7 verbose parsed url   host: null,
7 verbose parsed url   port: null,
7 verbose parsed url   hostname: null,
7 verbose parsed url   hash: null,
7 verbose parsed url   search: null,
7 verbose parsed url   query: null,
7 verbose parsed url   pathname: 'mongodb',
7 verbose parsed url   path: 'mongodb',
7 verbose parsed url   href: 'mongodb' }
8 silly lockFile 7f1c982e-mongodb mongodb
9 verbose lock mongodb /home/mannuel/.npm/7f1c982e-mongodb.lock
10 silly lockFile 7f1c982e-mongodb mongodb
11 silly lockFile 7f1c982e-mongodb mongodb
12 verbose addNamed [ 'mongodb', '' ]
13 verbose addNamed [ null, '*' ]
14 silly lockFile 886df635-mongodb mongodb@
15 verbose lock mongodb@ /home/mannuel/.npm/886df635-mongodb.lock
16 silly addNameRange { name: 'mongodb', range: '*', hasData: false }
17 verbose request where is /mongodb
18 verbose request registry https://registry.npmjs.org/
19 verbose request id a978bf90c8240fc3
20 verbose url raw /mongodb
21 verbose url resolving [ 'https://registry.npmjs.org/', './mongodb' ]
22 verbose url resolved https://registry.npmjs.org/mongodb
23 verbose request where is https://registry.npmjs.org/mongodb
24 info trying registry request attempt 1 at 06:13:55
25 verbose etag "3U90CZM6XH9G2ZSSPJRNB73UC"
26 http GET https://registry.npmjs.org/mongodb
27 http 200 https://registry.npmjs.org/mongodb
28 silly registry.get cb [ 200,
28 silly registry.get   { server: 'CouchDB/1.5.0 (Erlang OTP/R16B03)',
28 silly registry.get     etag: '"5QMB8BTWOTMHFCWJQ9BC84X2J"',
28 silly registry.get     'content-type': 'application/json',
28 silly registry.get     'cache-control': 'max-age=60',
28 silly registry.get     'content-length': '475405',
28 silly registry.get     'accept-ranges': 'bytes',
28 silly registry.get     date: 'Fri, 21 Aug 2015 04:13:56 GMT',
28 silly registry.get     via: '1.1 varnish',
28 silly registry.get     age: '0',
28 silly registry.get     connection: 'keep-alive',
28 silly registry.get     'x-served-by': 'cache-lhr6325-LHR',
28 silly registry.get     'x-cache': 'HIT',
28 silly registry.get     'x-cache-hits': '1',
28 silly registry.get     'x-timer': 'S1440130436.519158,VS0,VE395',
28 silly registry.get     vary: 'Accept' } ]
29 silly addNameRange number 2 { name: 'mongodb', range: '*', hasData: true }
30 silly addNameRange versions [ 'mongodb',
30 silly addNameRange   [ '0.9.4',
30 silly addNameRange     '0.9.4-4',
30 silly addNameRange     '0.9.3',
30 silly addNameRange     '0.9.1',
30 silly addNameRange     '0.9.2',
30 silly addNameRange     '0.9.6-7',
30 silly addNameRange     '0.9.6-8',
30 silly addNameRange     '0.9.6-9',
30 silly addNameRange     '0.9.6-10',
30 silly addNameRange     '0.9.6-11',
30 silly addNameRange     '0.9.6-12',
30 silly addNameRange     '0.9.6-13',
30 silly addNameRange     '0.9.6-14',
30 silly addNameRange     '0.9.6-15',
30 silly addNameRange     '0.9.6-16',
30 silly addNameRange     '0.9.6-17',
30 silly addNameRange     '0.9.6-18',
30 silly addNameRange     '0.9.6-19',
30 silly addNameRange     '0.9.6-20',
30 silly addNameRange     '0.9.6-21',
30 silly addNameRange     '0.9.6-22',
30 silly addNameRange     '0.9.6-23',
30 silly addNameRange     '0.9.7',
30 silly addNameRange     '0.9.7-0',
30 silly addNameRange     '0.9.7-1',
30 silly addNameRange     '0.9.7-1.1',
30 silly addNameRange     '0.9.7-1.2',
30 silly addNameRange     '0.9.7-1.3',
30 silly addNameRange     '0.9.7-1.4',
30 silly addNameRange     '0.9.7-2',
30 silly addNameRange     '0.9.7-2-1',
30 silly addNameRange     '0.9.7-2-2',
30 silly addNameRange     '0.9.7-2-3',
30 silly addNameRange     '0.9.7-2-4',
30 silly addNameRange     '0.9.7-2-5',
30 silly addNameRange     '0.9.7-3',
30 silly addNameRange     '0.9.7-3-1',
30 silly addNameRange     '0.9.7-3-2',
30 silly addNameRange     '0.9.7-3-3',
30 silly addNameRange     '0.9.7-3-4',
30 silly addNameRange     '0.9.7-3-5',
30 silly addNameRange     '0.9.8',
30 silly addNameRange     '0.9.8-1',
30 silly addNameRange     '0.9.8-2',
30 silly addNameRange     '0.9.8-3',
30 silly addNameRange     '0.9.8-4',
30 silly addNameRange     '0.9.8-5',
30 silly addNameRange     '0.9.8-6',
30 silly addNameRange     '0.9.8-7',
30 silly addNameRange     '0.9.9',
30 silly addNameRange     '0.9.9-1',
30 silly addNameRange     '0.9.9-2',
30 silly addNameRange     '0.9.9-3',
30 silly addNameRange     '0.9.9-4',
30 silly addNameRange     '0.9.9-5',
30 silly addNameRange     '0.9.9-6',
30 silly addNameRange     '0.9.9-7',
30 silly addNameRange     '0.9.9-8',
30 silly addNameRange     '1.0.0',
30 silly addNameRange     '1.0.1',
30 silly addNameRange     '1.0.2',
30 silly addNameRange     '1.1.0-beta',
30 silly addNameRange     '1.1.0',
30 silly addNameRange     '1.1.1',
30 silly addNameRange     '1.1.2',
30 silly addNameRange     '1.1.3',
30 silly addNameRange     '1.1.4',
30 silly addNameRange     '1.1.5',
30 silly addNameRange     '1.1.6',
30 silly addNameRange     '1.1.7',
30 silly addNameRange     '1.1.8',
30 silly addNameRange     '1.1.9',
30 silly addNameRange     '1.1.10',
30 silly addNameRange     '1.1.11',
30 silly addNameRange     '1.2.0',
30 silly addNameRange     '1.2.1',
30 silly addNameRange     '1.2.2',
30 silly addNameRange     '1.2.3',
30 silly addNameRange     '1.2.4',
30 silly addNameRange     '1.2.5',
30 silly addNameRange     '1.2.6',
30 silly addNameRange     '1.2.7',
30 silly addNameRange     '1.2.8',
30 silly addNameRange     '1.2.9',
30 silly addNameRange     '1.2.10',
30 silly addNameRange     '1.2.11',
30 silly addNameRange     '1.2.12',
30 silly addNameRange     '1.2.13',
30 silly addNameRange     '1.2.14',
30 silly addNameRange     '1.3.0',
30 silly addNameRange     '1.3.1',
30 silly addNameRange     '1.3.2',
30 silly addNameRange     '1.3.3',
30 silly addNameRange     '1.3.4',
30 silly addNameRange     '1.3.5',
30 silly addNameRange     '1.3.6',
30 silly addNameRange     '1.3.7',
30 silly addNameRange     '1.3.8',
30 silly addNameRange     '1.3.9',
30 silly addNameRange     '1.3.10',
30 silly addNameRange     '1.3.11',
30 silly addNameRange     '1.3.12',
30 silly addNameRange     '1.3.14',
30 silly addNameRange     '1.3.15',
30 silly addNameRange     '1.3.17',
30 silly addNameRange     '1.3.18',
30 silly addNameRange     '1.3.19',
30 silly addNameRange     '1.4.0-rc2',
30 silly addNameRange     '1.3.20',
30 silly addNameRange     '1.4.0-rc3',
30 silly addNameRange     '1.3.21',
30 silly addNameRange     '1.3.22',
30 silly addNameRange     '1.3.23',
30 silly addNameRange     '1.4.0-rc4',
30 silly addNameRange     '1.4.0-rc5',
30 silly addNameRange     '1.4.0-rc6',
30 silly addNameRange     '1.4.0-rc7',
30 silly addNameRange     '1.4.0-rc8',
30 silly addNameRange     '1.4.0-rc9',
30 silly addNameRange     '1.4.0-rc10',
30 silly addNameRange     '1.4.0',
30 silly addNameRange     '1.4.1',
30 silly addNameRange     '1.4.2',
30 silly addNameRange     '1.4.3',
30 silly addNameRange     '1.4.4',
30 silly addNameRange     '1.4.5',
30 silly addNameRange     '1.4.6',
30 silly addNameRange     '1.4.7',
30 silly addNameRange     '1.4.8',
30 silly addNameRange     '1.4.9',
30 silly addNameRange     '1.4.10',
30 silly addNameRange     '2.0.0-alpha1',
30 silly addNameRange     '1.4.11',
30 silly addNameRange     '1.4.12',
30 silly addNameRange     '1.4.14',
30 silly addNameRange     '1.4.15',
30 silly addNameRange     '1.4.16',
30 silly addNameRange     '1.4.17',
30 silly addNameRange     '2.0.0-alpha2',
30 silly addNameRange     '1.4.18',
30 silly addNameRange     '2.0.0',
30 silly addNameRange     '2.0.1',
30 silly addNameRange     '2.0.2',
30 silly addNameRange     '1.4.19',
30 silly addNameRange     '2.0.3',
30 silly addNameRange     '2.0.4',
30 silly addNameRange     '2.0.5',
30 silly addNameRange     '2.0.6',
30 silly addNameRange     '1.4.20',
30 silly addNameRange     '1.4.22',
30 silly addNameRange     '2.0.7',
30 silly addNameRange     '2.0.8',
30 silly addNameRange     '2.0.9',
30 silly addNameRange     '1.4.23',
30 silly addNameRange     '2.0.10',
30 silly addNameRange     '1.4.24',
30 silly addNameRange     '2.0.11',
30 silly addNameRange     '1.4.25',
30 silly addNameRange     '2.0.12',
30 silly addNameRange     '1.4.26',
30 silly addNameRange     '1.4.27',
30 silly addNameRange     '1.4.28',
30 silly addNameRange     '2.0.13',
30 silly addNameRange     '2.0.14',
30 silly addNameRange     '1.4.29',
30 silly addNameRange     '2.0.15',
30 silly addNameRange     '1.4.30',
30 silly addNameRange     '2.0.16',
30 silly addNameRange     '1.4.31',
30 silly addNameRange     '2.0.17',
30 silly addNameRange     '1.4.32',
30 silly addNameRange     '2.0.18',
30 silly addNameRange     '2.0.19',
30 silly addNameRange     '1.4.33',
30 silly addNameRange     '2.0.20',
30 silly addNameRange     '2.0.21',
30 silly addNameRange     '1.4.34',
30 silly addNameRange     '2.0.22',
30 silly addNameRange     '2.0.23',
30 silly addNameRange     '1.4.35',
30 silly addNameRange     '2.0.24',
30 silly addNameRange     '2.0.25',
30 silly addNameRange     '2.0.26',
30 silly addNameRange     '2.0.27',
30 silly addNameRange     '2.0.28',
30 silly addNameRange     '2.0.29',
30 silly addNameRange     '1.4.36',
30 silly addNameRange     '2.0.30',
30 silly addNameRange     '1.4.37',
30 silly addNameRange     '2.0.31',
30 silly addNameRange     '1.4.38',
30 silly addNameRange     '2.0.32',
30 silly addNameRange     '2.0.33',
30 silly addNameRange     '2.1.0-alpha',
30 silly addNameRange     '2.0.34',
30 silly addNameRange     '2.0.35',
30 silly addNameRange     '2.0.36',
30 silly addNameRange     '2.0.37',
30 silly addNameRange     '2.0.38',
30 silly addNameRange     '2.0.39',
30 silly addNameRange     '1.4.39',
30 silly addNameRange     '2.0.40',
30 silly addNameRange     '2.0.41',
30 silly addNameRange     '2.0.42' ] ]
31 verbose addNamed [ 'mongodb', '2.0.42' ]
32 verbose addNamed [ '2.0.42', '2.0.42' ]
33 silly lockFile 1bcfdf93-mongodb-2-0-42 mongodb@2.0.42
34 verbose lock mongodb@2.0.42 /home/mannuel/.npm/1bcfdf93-mongodb-2-0-42.lock
35 silly lockFile 054f59e4-s-org-mongodb-mongodb-2-0-42-tgz https://registry.npmjs.org/mongodb/-/mongodb-2.0.42.tgz
36 verbose lock https://registry.npmjs.org/mongodb/-/mongodb-2.0.42.tgz /home/mannuel/.npm/054f59e4-s-org-mongodb-mongodb-2-0-42-tgz.lock
37 verbose addRemoteTarball [ 'https://registry.npmjs.org/mongodb/-/mongodb-2.0.42.tgz',
37 verbose addRemoteTarball   '1bad7813d0725ce2e3bd54180f31faedd24d9e53' ]
38 info retry fetch attempt 1 at 06:13:58
39 verbose fetch to= /tmp/npm-5244--WsKLQzZ/registry.npmjs.org/mongodb/-/mongodb-2.0.42.tgz
40 http GET https://registry.npmjs.org/mongodb/-/mongodb-2.0.42.tgz
41 http 200 https://registry.npmjs.org/mongodb/-/mongodb-2.0.42.tgz
42 silly lockFile 054f59e4-s-org-mongodb-mongodb-2-0-42-tgz https://registry.npmjs.org/mongodb/-/mongodb-2.0.42.tgz
43 silly lockFile 054f59e4-s-org-mongodb-mongodb-2-0-42-tgz https://registry.npmjs.org/mongodb/-/mongodb-2.0.42.tgz
44 silly lockFile 1bcfdf93-mongodb-2-0-42 mongodb@2.0.42
45 silly lockFile 1bcfdf93-mongodb-2-0-42 mongodb@2.0.42
46 silly lockFile 886df635-mongodb mongodb@
47 silly lockFile 886df635-mongodb mongodb@
48 silly resolved [ { name: 'mongodb',
48 silly resolved     version: '2.0.42',
48 silly resolved     description: 'MongoDB legacy driver emulation layer on top of mongodb-core',
48 silly resolved     main: 'index.js',
48 silly resolved     repository:
48 silly resolved      { type: 'git',
48 silly resolved        url: 'git@github.com:mongodb/node-mongodb-native.git' },
48 silly resolved     keywords: [ 'mongodb', 'driver', 'legacy' ],
48 silly resolved     dependencies:
48 silly resolved      { 'mongodb-core': '1.2.10',
48 silly resolved        'readable-stream': '1.0.31',
48 silly resolved        'es6-promise': '2.1.1' },
48 silly resolved     devDependencies:
48 silly resolved      { integra: '0.1.8',
48 silly resolved        optimist: '0.6.1',
48 silly resolved        bson: '~0.4',
48 silly resolved        jsdoc: '3.3.0-beta3',
48 silly resolved        semver: '4.1.0',
48 silly resolved        rimraf: '2.2.6',
48 silly resolved        gleak: '0.5.0',
48 silly resolved        'mongodb-version-manager': '^0.7.1',
48 silly resolved        'mongodb-tools': '~1.0',
48 silly resolved        co: '4.5.4',
48 silly resolved        bluebird: '2.9.27' },
48 silly resolved     author: { name: 'Christian Kvalheim' },
48 silly resolved     license: 'Apache-2.0',
48 silly resolved     bugs: { url: 'https://github.com/mongodb/node-mongodb-native/issues' },
48 silly resolved     scripts: { test: 'node test/runner.js -t functional' },
48 silly resolved     homepage: 'https://github.com/mongodb/node-mongodb-native',
48 silly resolved     gitHead: '3cb2435867e41515e64fae3e951503a421305ce2',
48 silly resolved     _id: 'mongodb@2.0.42',
48 silly resolved     _shasum: '1bad7813d0725ce2e3bd54180f31faedd24d9e53',
48 silly resolved     _from: 'mongodb@',
48 silly resolved     _npmVersion: '2.13.0',
48 silly resolved     _nodeVersion: '2.4.0',
48 silly resolved     _npmUser: { name: 'christkv', email: 'christkv@gmail.com' },
48 silly resolved     maintainers: [ [Object] ],
48 silly resolved     dist:
48 silly resolved      { shasum: '1bad7813d0725ce2e3bd54180f31faedd24d9e53',
48 silly resolved        tarball: 'http://registry.npmjs.org/mongodb/-/mongodb-2.0.42.tgz' },
48 silly resolved     directories: {},
48 silly resolved     _resolved: 'https://registry.npmjs.org/mongodb/-/mongodb-2.0.42.tgz' } ]
49 info install mongodb@2.0.42 into /usr/lib
50 info installOne mongodb@2.0.42
51 verbose lib/node_modules/mongodb unbuild
52 verbose tar unpack /home/mannuel/.npm/mongodb/2.0.42/package.tgz
53 silly lockFile d9c59bfd-tar-usr-lib-node-modules-mongodb tar:///usr/lib/node_modules/mongodb
54 verbose lock tar:///usr/lib/node_modules/mongodb /home/mannuel/.npm/d9c59bfd-tar-usr-lib-node-modules-mongodb.lock
55 silly lockFile 8656dafc-l-npm-mongodb-2-0-42-package-tgz tar:///home/mannuel/.npm/mongodb/2.0.42/package.tgz
56 verbose lock tar:///home/mannuel/.npm/mongodb/2.0.42/package.tgz /home/mannuel/.npm/8656dafc-l-npm-mongodb-2-0-42-package-tgz.lock
57 silly gunzTarPerm modes [ '775', '664' ]
58 error Error: EACCES, mkdir '/usr/lib/node_modules/mongodb'
58 error  { [Error: EACCES, mkdir '/usr/lib/node_modules/mongodb']
58 error   errno: 3,
58 error   code: 'EACCES',
58 error   path: '/usr/lib/node_modules/mongodb',
58 error   fstream_type: 'Directory',
58 error   fstream_path: '/usr/lib/node_modules/mongodb',
58 error   fstream_class: 'DirWriter',
58 error   fstream_stack:
58 error    [ '/usr/lib/node_modules/npm/node_modules/fstream/lib/dir-writer.js:36:23',
58 error      '/usr/lib/node_modules/npm/node_modules/mkdirp/index.js:46:53',
58 error      'Object.oncomplete (fs.js:108:15)' ] }
59 error Please try running this command again as root/Administrator.
60 error System Linux 3.13.0-63-generic
61 error command "/usr/bin/node" "/usr/bin/npm" "install" "-g" "mongodb"
62 error cwd /home/mannuel/mongodbuniversity/week1/Asynchronous-vs-synchronous
63 error node -v v0.10.37
64 error npm -v 1.4.28
65 error path /usr/lib/node_modules/mongodb
66 error fstream_path /usr/lib/node_modules/mongodb
67 error fstream_type Directory
68 error fstream_class DirWriter
69 error code EACCES
70 error errno 3
71 error stack Error: EACCES, mkdir '/usr/lib/node_modules/mongodb'
72 error fstream_stack /usr/lib/node_modules/npm/node_modules/fstream/lib/dir-writer.js:36:23
72 error fstream_stack /usr/lib/node_modules/npm/node_modules/mkdirp/index.js:46:53
72 error fstream_stack Object.oncomplete (fs.js:108:15)
73 verbose exit [ 3, true ]
